{"D:\\ahana\\project\\interview_project\\wire\\src\\App.tsx": {"path":"D:\\ahana\\project\\interview_project\\wire\\src\\App.tsx","statementMap":{"0":{"start":{"line":11,"column":2},"end":{"line":27,"column":4}}},"fnMap":{"0":{"name":"App","decl":{"start":{"line":10,"column":9},"end":{"line":10,"column":12}},"loc":{"start":{"line":10,"column":15},"end":{"line":28,"column":1}},"line":10}},"branchMap":{},"s":{"0":1},"f":{"0":1},"b":{},"_coverageSchema":"1a1c01bbd47fc00a2c39e90264f33305004495a9","hash":"1ad69def0326ff0b36001b9a23f9c772c36c3445"}
,"D:\\ahana\\project\\interview_project\\wire\\src\\index.tsx": {"path":"D:\\ahana\\project\\interview_project\\wire\\src\\index.tsx","statementMap":{"0":{"start":{"line":9,"column":13},"end":{"line":11,"column":1}},"1":{"start":{"line":12,"column":0},"end":{"line":18,"column":2}},"2":{"start":{"line":23,"column":0},"end":{"line":23,"column":18}}},"fnMap":{},"branchMap":{},"s":{"0":0,"1":0,"2":0},"f":{},"b":{}}
,"D:\\ahana\\project\\interview_project\\wire\\src\\reportWebVitals.ts": {"path":"D:\\ahana\\project\\interview_project\\wire\\src\\reportWebVitals.ts","statementMap":{"0":{"start":{"line":3,"column":24},"end":{"line":13,"column":1}},"1":{"start":{"line":4,"column":2},"end":{"line":12,"column":3}},"2":{"start":{"line":5,"column":4},"end":{"line":11,"column":7}},"3":{"start":{"line":6,"column":6},"end":{"line":6,"column":26}},"4":{"start":{"line":7,"column":6},"end":{"line":7,"column":26}},"5":{"start":{"line":8,"column":6},"end":{"line":8,"column":26}},"6":{"start":{"line":9,"column":6},"end":{"line":9,"column":26}},"7":{"start":{"line":10,"column":6},"end":{"line":10,"column":27}}},"fnMap":{"0":{"name":"(anonymous_0)","decl":{"start":{"line":3,"column":24},"end":{"line":3,"column":25}},"loc":{"start":{"line":3,"column":57},"end":{"line":13,"column":1}},"line":3},"1":{"name":"(anonymous_1)","decl":{"start":{"line":5,"column":30},"end":{"line":5,"column":31}},"loc":{"start":{"line":5,"column":79},"end":{"line":11,"column":5}},"line":5}},"branchMap":{"0":{"loc":{"start":{"line":4,"column":2},"end":{"line":12,"column":3}},"type":"if","locations":[{"start":{"line":4,"column":2},"end":{"line":12,"column":3}},{"start":{},"end":{}}],"line":4},"1":{"loc":{"start":{"line":4,"column":6},"end":{"line":4,"column":52}},"type":"binary-expr","locations":[{"start":{"line":4,"column":6},"end":{"line":4,"column":17}},{"start":{"line":4,"column":21},"end":{"line":4,"column":52}}],"line":4}},"s":{"0":0,"1":0,"2":0,"3":0,"4":0,"5":0,"6":0,"7":0},"f":{"0":0,"1":0},"b":{"0":[0,0],"1":[0,0]}}
,"D:\\ahana\\project\\interview_project\\wire\\src\\app\\store.ts": {"path":"D:\\ahana\\project\\interview_project\\wire\\src\\app\\store.ts","statementMap":{"0":{"start":{"line":4,"column":14},"end":{"line":10,"column":2}},"1":{"start":{"line":9,"column":4},"end":{"line":9,"column":58}}},"fnMap":{"0":{"name":"(anonymous_0)","decl":{"start":{"line":8,"column":14},"end":{"line":8,"column":15}},"loc":{"start":{"line":9,"column":4},"end":{"line":9,"column":58}},"line":9}},"branchMap":{},"s":{"0":7,"1":7},"f":{"0":7},"b":{},"_coverageSchema":"1a1c01bbd47fc00a2c39e90264f33305004495a9","hash":"761f931c87299a8b7f352d46a7b80f39818abc1e"}
,"D:\\ahana\\project\\interview_project\\wire\\src\\components\\About\\About.tsx": {"path":"D:\\ahana\\project\\interview_project\\wire\\src\\components\\About\\About.tsx","statementMap":{"0":{"start":{"line":4,"column":23},"end":{"line":20,"column":1}},"1":{"start":{"line":5,"column":4},"end":{"line":19,"column":5}}},"fnMap":{"0":{"name":"(anonymous_0)","decl":{"start":{"line":4,"column":23},"end":{"line":4,"column":24}},"loc":{"start":{"line":4,"column":29},"end":{"line":20,"column":1}},"line":4}},"branchMap":{},"s":{"0":2,"1":1},"f":{"0":1},"b":{},"_coverageSchema":"1a1c01bbd47fc00a2c39e90264f33305004495a9","hash":"16147cdb9436e19be4e68efb37083ff8fec72afe"}
,"D:\\ahana\\project\\interview_project\\wire\\src\\components\\ContentArea\\Content.tsx": {"path":"D:\\ahana\\project\\interview_project\\wire\\src\\components\\ContentArea\\Content.tsx","statementMap":{"0":{"start":{"line":10,"column":25},"end":{"line":105,"column":1}},"1":{"start":{"line":12,"column":52},"end":{"line":12,"column":84}},"2":{"start":{"line":13,"column":34},"end":{"line":13,"column":56}},"3":{"start":{"line":14,"column":50},"end":{"line":14,"column":72}},"4":{"start":{"line":15,"column":42},"end":{"line":15,"column":62}},"5":{"start":{"line":16,"column":42},"end":{"line":16,"column":61}},"6":{"start":{"line":17,"column":46},"end":{"line":17,"column":101}},"7":{"start":{"line":18,"column":27},"end":{"line":18,"column":46}},"8":{"start":{"line":20,"column":22},"end":{"line":20,"column":48}},"9":{"start":{"line":21,"column":23},"end":{"line":21,"column":47}},"10":{"start":{"line":22,"column":18},"end":{"line":22,"column":33}},"11":{"start":{"line":25,"column":6},"end":{"line":29,"column":28}},"12":{"start":{"line":26,"column":10},"end":{"line":28,"column":11}},"13":{"start":{"line":27,"column":12},"end":{"line":27,"column":34}},"14":{"start":{"line":32,"column":29},"end":{"line":32,"column":66}},"15":{"start":{"line":35,"column":27},"end":{"line":41,"column":48}},"16":{"start":{"line":36,"column":8},"end":{"line":40,"column":9}},"17":{"start":{"line":37,"column":28},"end":{"line":37,"column":53}},"18":{"start":{"line":38,"column":27},"end":{"line":38,"column":169}},"19":{"start":{"line":38,"column":60},"end":{"line":38,"column":168}},"20":{"start":{"line":39,"column":10},"end":{"line":39,"column":39}},"21":{"start":{"line":43,"column":6},"end":{"line":45,"column":63}},"22":{"start":{"line":44,"column":8},"end":{"line":44,"column":23}},"23":{"start":{"line":47,"column":25},"end":{"line":47,"column":72}},"24":{"start":{"line":50,"column":26},"end":{"line":58,"column":14}},"25":{"start":{"line":51,"column":8},"end":{"line":51,"column":47}},"26":{"start":{"line":51,"column":25},"end":{"line":51,"column":47}},"27":{"start":{"line":53,"column":8},"end":{"line":57,"column":11}},"28":{"start":{"line":54,"column":12},"end":{"line":54,"column":90}},"29":{"start":{"line":54,"column":47},"end":{"line":54,"column":90}},"30":{"start":{"line":55,"column":12},"end":{"line":55,"column":90}},"31":{"start":{"line":55,"column":47},"end":{"line":55,"column":90}},"32":{"start":{"line":56,"column":12},"end":{"line":56,"column":21}},"33":{"start":{"line":60,"column":8},"end":{"line":64,"column":39}},"34":{"start":{"line":61,"column":10},"end":{"line":63,"column":11}},"35":{"start":{"line":62,"column":14},"end":{"line":62,"column":81}},"36":{"start":{"line":62,"column":40},"end":{"line":62,"column":79}},"37":{"start":{"line":67,"column":25},"end":{"line":72,"column":7}},"38":{"start":{"line":68,"column":8},"end":{"line":71,"column":12}},"39":{"start":{"line":68,"column":34},"end":{"line":71,"column":9}},"40":{"start":{"line":74,"column":6},"end":{"line":104,"column":5}},"41":{"start":{"line":84,"column":68},"end":{"line":84,"column":86}},"42":{"start":{"line":86,"column":68},"end":{"line":86,"column":87}},"43":{"start":{"line":92,"column":20},"end":{"line":96,"column":26}}},"fnMap":{"0":{"name":"(anonymous_0)","decl":{"start":{"line":10,"column":25},"end":{"line":10,"column":26}},"loc":{"start":{"line":10,"column":31},"end":{"line":105,"column":1}},"line":10},"1":{"name":"(anonymous_1)","decl":{"start":{"line":25,"column":16},"end":{"line":25,"column":17}},"loc":{"start":{"line":25,"column":22},"end":{"line":29,"column":7}},"line":25},"2":{"name":"(anonymous_2)","decl":{"start":{"line":35,"column":39},"end":{"line":35,"column":40}},"loc":{"start":{"line":35,"column":45},"end":{"line":41,"column":7}},"line":35},"3":{"name":"(anonymous_3)","decl":{"start":{"line":38,"column":50},"end":{"line":38,"column":51}},"loc":{"start":{"line":38,"column":60},"end":{"line":38,"column":168}},"line":38},"4":{"name":"(anonymous_4)","decl":{"start":{"line":43,"column":16},"end":{"line":43,"column":17}},"loc":{"start":{"line":43,"column":22},"end":{"line":45,"column":7}},"line":43},"5":{"name":"(anonymous_5)","decl":{"start":{"line":50,"column":38},"end":{"line":50,"column":39}},"loc":{"start":{"line":50,"column":88},"end":{"line":58,"column":9}},"line":50},"6":{"name":"(anonymous_6)","decl":{"start":{"line":53,"column":40},"end":{"line":53,"column":41}},"loc":{"start":{"line":53,"column":68},"end":{"line":57,"column":9}},"line":53},"7":{"name":"(anonymous_7)","decl":{"start":{"line":60,"column":18},"end":{"line":60,"column":19}},"loc":{"start":{"line":60,"column":24},"end":{"line":64,"column":7}},"line":60},"8":{"name":"(anonymous_8)","decl":{"start":{"line":62,"column":25},"end":{"line":62,"column":26}},"loc":{"start":{"line":62,"column":40},"end":{"line":62,"column":79}},"line":62},"9":{"name":"(anonymous_9)","decl":{"start":{"line":67,"column":25},"end":{"line":67,"column":26}},"loc":{"start":{"line":67,"column":48},"end":{"line":72,"column":7}},"line":67},"10":{"name":"(anonymous_10)","decl":{"start":{"line":68,"column":25},"end":{"line":68,"column":26}},"loc":{"start":{"line":68,"column":34},"end":{"line":71,"column":9}},"line":68},"11":{"name":"(anonymous_11)","decl":{"start":{"line":84,"column":62},"end":{"line":84,"column":63}},"loc":{"start":{"line":84,"column":68},"end":{"line":84,"column":86}},"line":84},"12":{"name":"(anonymous_12)","decl":{"start":{"line":86,"column":62},"end":{"line":86,"column":63}},"loc":{"start":{"line":86,"column":68},"end":{"line":86,"column":87}},"line":86},"13":{"name":"(anonymous_13)","decl":{"start":{"line":91,"column":32},"end":{"line":91,"column":33}},"loc":{"start":{"line":92,"column":20},"end":{"line":96,"column":26}},"line":92}},"branchMap":{"0":{"loc":{"start":{"line":26,"column":10},"end":{"line":28,"column":11}},"type":"if","locations":[{"start":{"line":26,"column":10},"end":{"line":28,"column":11}},{"start":{},"end":{}}],"line":26},"1":{"loc":{"start":{"line":26,"column":14},"end":{"line":26,"column":31}},"type":"binary-expr","locations":[{"start":{"line":26,"column":14},"end":{"line":26,"column":23}},{"start":{"line":26,"column":27},"end":{"line":26,"column":31}}],"line":26},"2":{"loc":{"start":{"line":36,"column":8},"end":{"line":40,"column":9}},"type":"if","locations":[{"start":{"line":36,"column":8},"end":{"line":40,"column":9}},{"start":{},"end":{}}],"line":36},"3":{"loc":{"start":{"line":36,"column":12},"end":{"line":36,"column":34}},"type":"binary-expr","locations":[{"start":{"line":36,"column":12},"end":{"line":36,"column":23}},{"start":{"line":36,"column":27},"end":{"line":36,"column":34}}],"line":36},"4":{"loc":{"start":{"line":38,"column":60},"end":{"line":38,"column":168}},"type":"binary-expr","locations":[{"start":{"line":38,"column":60},"end":{"line":38,"column":107}},{"start":{"line":38,"column":111},"end":{"line":38,"column":168}}],"line":38},"5":{"loc":{"start":{"line":47,"column":25},"end":{"line":47,"column":72}},"type":"cond-expr","locations":[{"start":{"line":47,"column":40},"end":{"line":47,"column":54}},{"start":{"line":47,"column":57},"end":{"line":47,"column":72}}],"line":47},"6":{"loc":{"start":{"line":51,"column":8},"end":{"line":51,"column":47}},"type":"if","locations":[{"start":{"line":51,"column":8},"end":{"line":51,"column":47}},{"start":{},"end":{}}],"line":51},"7":{"loc":{"start":{"line":54,"column":12},"end":{"line":54,"column":90}},"type":"if","locations":[{"start":{"line":54,"column":12},"end":{"line":54,"column":90}},{"start":{},"end":{}}],"line":54},"8":{"loc":{"start":{"line":54,"column":54},"end":{"line":54,"column":89}},"type":"cond-expr","locations":[{"start":{"line":54,"column":83},"end":{"line":54,"column":85}},{"start":{"line":54,"column":88},"end":{"line":54,"column":89}}],"line":54},"9":{"loc":{"start":{"line":55,"column":12},"end":{"line":55,"column":90}},"type":"if","locations":[{"start":{"line":55,"column":12},"end":{"line":55,"column":90}},{"start":{},"end":{}}],"line":55},"10":{"loc":{"start":{"line":55,"column":54},"end":{"line":55,"column":89}},"type":"cond-expr","locations":[{"start":{"line":55,"column":83},"end":{"line":55,"column":84}},{"start":{"line":55,"column":87},"end":{"line":55,"column":89}}],"line":55},"11":{"loc":{"start":{"line":61,"column":10},"end":{"line":63,"column":11}},"type":"if","locations":[{"start":{"line":61,"column":10},"end":{"line":63,"column":11}},{"start":{},"end":{}}],"line":61},"12":{"loc":{"start":{"line":70,"column":23},"end":{"line":70,"column":84}},"type":"cond-expr","locations":[{"start":{"line":70,"column":70},"end":{"line":70,"column":76}},{"start":{"line":70,"column":79},"end":{"line":70,"column":84}}],"line":70},"13":{"loc":{"start":{"line":70,"column":23},"end":{"line":70,"column":67}},"type":"binary-expr","locations":[{"start":{"line":70,"column":23},"end":{"line":70,"column":39}},{"start":{"line":70,"column":43},"end":{"line":70,"column":67}}],"line":70},"14":{"loc":{"start":{"line":76,"column":13},"end":{"line":76,"column":46}},"type":"binary-expr","locations":[{"start":{"line":76,"column":13},"end":{"line":76,"column":22}},{"start":{"line":76,"column":26},"end":{"line":76,"column":46}}],"line":76},"15":{"loc":{"start":{"line":77,"column":13},"end":{"line":77,"column":57}},"type":"binary-expr","locations":[{"start":{"line":77,"column":13},"end":{"line":77,"column":18}},{"start":{"line":77,"column":22},"end":{"line":77,"column":57}}],"line":77},"16":{"loc":{"start":{"line":79,"column":13},"end":{"line":79,"column":93}},"type":"binary-expr","locations":[{"start":{"line":79,"column":13},"end":{"line":79,"column":22}},{"start":{"line":79,"column":26},"end":{"line":79,"column":93}}],"line":79},"17":{"loc":{"start":{"line":82,"column":13},"end":{"line":88,"column":13}},"type":"binary-expr","locations":[{"start":{"line":82,"column":13},"end":{"line":82,"column":22}},{"start":{"line":83,"column":17},"end":{"line":87,"column":23}}],"line":82},"18":{"loc":{"start":{"line":90,"column":13},"end":{"line":97,"column":14}},"type":"binary-expr","locations":[{"start":{"line":90,"column":13},"end":{"line":90,"column":22}},{"start":{"line":91,"column":16},"end":{"line":97,"column":14}}],"line":90},"19":{"loc":{"start":{"line":100,"column":17},"end":{"line":101,"column":50}},"type":"binary-expr","locations":[{"start":{"line":100,"column":17},"end":{"line":100,"column":26}},{"start":{"line":100,"column":30},"end":{"line":101,"column":50}}],"line":100}},"s":{"0":3,"1":16,"2":16,"3":16,"4":16,"5":16,"6":16,"7":16,"8":16,"9":16,"10":16,"11":16,"12":5,"13":2,"14":16,"15":16,"16":16,"17":0,"18":0,"19":0,"20":0,"21":16,"22":16,"23":16,"24":16,"25":7,"26":0,"27":7,"28":1,"29":0,"30":1,"31":1,"32":0,"33":16,"34":7,"35":7,"36":7,"37":16,"38":2,"39":2,"40":16,"41":1,"42":1,"43":2},"f":{"0":16,"1":5,"2":16,"3":0,"4":16,"5":7,"6":1,"7":7,"8":7,"9":2,"10":2,"11":1,"12":1,"13":2},"b":{"0":[2,3],"1":[5,2],"2":[0,16],"3":[16,0],"4":[0,0],"5":[16,0],"6":[0,7],"7":[0,1],"8":[0,0],"9":[1,0],"10":[1,0],"11":[7,0],"12":[1,1],"13":[2,1],"14":[16,6],"15":[16,0],"16":[16,8],"17":[16,8],"18":[16,8],"19":[16,8]},"_coverageSchema":"1a1c01bbd47fc00a2c39e90264f33305004495a9","hash":"86d502fe69f0fa100bce62cad1fd8650a1b2f64c"}
,"D:\\ahana\\project\\interview_project\\wire\\src\\components\\ContentArea\\extractOwner.ts": {"path":"D:\\ahana\\project\\interview_project\\wire\\src\\components\\ContentArea\\extractOwner.ts","statementMap":{"0":{"start":{"line":2,"column":28},"end":{"line":10,"column":3}},"1":{"start":{"line":3,"column":4},"end":{"line":9,"column":5}},"2":{"start":{"line":4,"column":23},"end":{"line":4,"column":44}},"3":{"start":{"line":5,"column":20},"end":{"line":5,"column":39}},"4":{"start":{"line":6,"column":6},"end":{"line":6,"column":22}},"5":{"start":{"line":8,"column":6},"end":{"line":8,"column":16}}},"fnMap":{"0":{"name":"(anonymous_0)","decl":{"start":{"line":2,"column":28},"end":{"line":2,"column":29}},"loc":{"start":{"line":2,"column":53},"end":{"line":10,"column":3}},"line":2}},"branchMap":{},"s":{"0":4,"1":8,"2":8,"3":4,"4":4,"5":4},"f":{"0":8},"b":{},"_coverageSchema":"1a1c01bbd47fc00a2c39e90264f33305004495a9","hash":"f00240048be5e5e0abf59d9f138ddd12c7c94e93"}
,"D:\\ahana\\project\\interview_project\\wire\\src\\components\\Footer\\Footer.tsx": {"path":"D:\\ahana\\project\\interview_project\\wire\\src\\components\\Footer\\Footer.tsx","statementMap":{"0":{"start":{"line":4,"column":24},"end":{"line":21,"column":1}},"1":{"start":{"line":5,"column":4},"end":{"line":20,"column":5}}},"fnMap":{"0":{"name":"(anonymous_0)","decl":{"start":{"line":4,"column":24},"end":{"line":4,"column":25}},"loc":{"start":{"line":4,"column":30},"end":{"line":21,"column":1}},"line":4}},"branchMap":{},"s":{"0":2,"1":3},"f":{"0":3},"b":{},"_coverageSchema":"1a1c01bbd47fc00a2c39e90264f33305004495a9","hash":"13df6f32b158142754441ee5e48f03745aa35505"}
,"D:\\ahana\\project\\interview_project\\wire\\src\\components\\Header\\Header.tsx": {"path":"D:\\ahana\\project\\interview_project\\wire\\src\\components\\Header\\Header.tsx","statementMap":{"0":{"start":{"line":5,"column":24},"end":{"line":24,"column":1}},"1":{"start":{"line":6,"column":4},"end":{"line":23,"column":5}}},"fnMap":{"0":{"name":"(anonymous_0)","decl":{"start":{"line":5,"column":24},"end":{"line":5,"column":25}},"loc":{"start":{"line":5,"column":30},"end":{"line":24,"column":1}},"line":5}},"branchMap":{},"s":{"0":2,"1":3},"f":{"0":3},"b":{},"_coverageSchema":"1a1c01bbd47fc00a2c39e90264f33305004495a9","hash":"2688b05c736c3d0a637ee77916201bb6b3fe4809"}
,"D:\\ahana\\project\\interview_project\\wire\\src\\components\\Paginate\\Paginate.tsx": {"path":"D:\\ahana\\project\\interview_project\\wire\\src\\components\\Paginate\\Paginate.tsx","statementMap":{"0":{"start":{"line":6,"column":38},"end":{"line":57,"column":1}},"1":{"start":{"line":8,"column":42},"end":{"line":8,"column":64}},"2":{"start":{"line":11,"column":24},"end":{"line":13,"column":5}},"3":{"start":{"line":12,"column":6},"end":{"line":12,"column":62}},"4":{"start":{"line":16,"column":20},"end":{"line":18,"column":5}},"5":{"start":{"line":17,"column":6},"end":{"line":17,"column":102}},"6":{"start":{"line":21,"column":21},"end":{"line":23,"column":5}},"7":{"start":{"line":22,"column":6},"end":{"line":22,"column":26}},"8":{"start":{"line":25,"column":4},"end":{"line":35,"column":30}},"9":{"start":{"line":26,"column":31},"end":{"line":32,"column":7}},"10":{"start":{"line":27,"column":22},"end":{"line":27,"column":24}},"11":{"start":{"line":28,"column":8},"end":{"line":30,"column":9}},"12":{"start":{"line":28,"column":21},"end":{"line":28,"column":22}},"13":{"start":{"line":29,"column":10},"end":{"line":29,"column":24}},"14":{"start":{"line":31,"column":8},"end":{"line":31,"column":30}},"15":{"start":{"line":34,"column":6},"end":{"line":34,"column":25}},"16":{"start":{"line":37,"column":4},"end":{"line":56,"column":6}},"17":{"start":{"line":43,"column":10},"end":{"line":50,"column":19}},"18":{"start":{"line":45,"column":27},"end":{"line":45,"column":41}}},"fnMap":{"0":{"name":"(anonymous_0)","decl":{"start":{"line":6,"column":38},"end":{"line":6,"column":39}},"loc":{"start":{"line":6,"column":95},"end":{"line":57,"column":1}},"line":6},"1":{"name":"(anonymous_1)","decl":{"start":{"line":11,"column":24},"end":{"line":11,"column":25}},"loc":{"start":{"line":11,"column":30},"end":{"line":13,"column":5}},"line":11},"2":{"name":"(anonymous_2)","decl":{"start":{"line":16,"column":20},"end":{"line":16,"column":21}},"loc":{"start":{"line":16,"column":26},"end":{"line":18,"column":5}},"line":16},"3":{"name":"(anonymous_3)","decl":{"start":{"line":21,"column":21},"end":{"line":21,"column":22}},"loc":{"start":{"line":21,"column":45},"end":{"line":23,"column":5}},"line":21},"4":{"name":"(anonymous_4)","decl":{"start":{"line":25,"column":14},"end":{"line":25,"column":15}},"loc":{"start":{"line":25,"column":20},"end":{"line":35,"column":5}},"line":25},"5":{"name":"(anonymous_5)","decl":{"start":{"line":26,"column":31},"end":{"line":26,"column":32}},"loc":{"start":{"line":26,"column":37},"end":{"line":32,"column":7}},"line":26},"6":{"name":"(anonymous_6)","decl":{"start":{"line":42,"column":25},"end":{"line":42,"column":26}},"loc":{"start":{"line":43,"column":10},"end":{"line":50,"column":19}},"line":43},"7":{"name":"(anonymous_7)","decl":{"start":{"line":45,"column":21},"end":{"line":45,"column":22}},"loc":{"start":{"line":45,"column":27},"end":{"line":45,"column":41}},"line":45}},"branchMap":{"0":{"loc":{"start":{"line":12,"column":21},"end":{"line":12,"column":60}},"type":"cond-expr","locations":[{"start":{"line":12,"column":41},"end":{"line":12,"column":42}},{"start":{"line":12,"column":45},"end":{"line":12,"column":60}}],"line":12},"1":{"loc":{"start":{"line":17,"column":21},"end":{"line":17,"column":100}},"type":"cond-expr","locations":[{"start":{"line":17,"column":71},"end":{"line":17,"column":82}},{"start":{"line":17,"column":85},"end":{"line":17,"column":100}}],"line":17},"2":{"loc":{"start":{"line":47,"column":41},"end":{"line":47,"column":77}},"type":"cond-expr","locations":[{"start":{"line":47,"column":64},"end":{"line":47,"column":72}},{"start":{"line":47,"column":75},"end":{"line":47,"column":77}}],"line":47}},"s":{"0":4,"1":27,"2":27,"3":1,"4":27,"5":1,"6":27,"7":6,"8":27,"9":12,"10":12,"11":12,"12":12,"13":55,"14":12,"15":12,"16":27,"17":55,"18":6},"f":{"0":27,"1":1,"2":1,"3":6,"4":12,"5":12,"6":55,"7":6},"b":{"0":[0,1],"1":[0,1],"2":[9,46]},"_coverageSchema":"1a1c01bbd47fc00a2c39e90264f33305004495a9","hash":"358731c60d8c0becd148d01f8a4345cc12a5fc30"}
,"D:\\ahana\\project\\interview_project\\wire\\src\\components\\Search\\Search.tsx": {"path":"D:\\ahana\\project\\interview_project\\wire\\src\\components\\Search\\Search.tsx","statementMap":{"0":{"start":{"line":5,"column":39},"end":{"line":16,"column":1}},"1":{"start":{"line":7,"column":30},"end":{"line":9,"column":5}},"2":{"start":{"line":8,"column":8},"end":{"line":8,"column":39}},"3":{"start":{"line":10,"column":4},"end":{"line":15,"column":5}}},"fnMap":{"0":{"name":"(anonymous_0)","decl":{"start":{"line":5,"column":39},"end":{"line":5,"column":40}},"loc":{"start":{"line":5,"column":75},"end":{"line":16,"column":1}},"line":5},"1":{"name":"(anonymous_1)","decl":{"start":{"line":7,"column":30},"end":{"line":7,"column":31}},"loc":{"start":{"line":7,"column":74},"end":{"line":9,"column":5}},"line":7}},"branchMap":{},"s":{"0":4,"1":10,"2":1,"3":10},"f":{"0":10,"1":1},"b":{},"_coverageSchema":"1a1c01bbd47fc00a2c39e90264f33305004495a9","hash":"9dde2d963fe4c2ed61ac1e3d3b3be6ea42b8d7ff"}
,"D:\\ahana\\project\\interview_project\\wire\\src\\components\\Sidebar\\Sidebar.tsx": {"path":"D:\\ahana\\project\\interview_project\\wire\\src\\components\\Sidebar\\Sidebar.tsx","statementMap":{"0":{"start":{"line":5,"column":25},"end":{"line":20,"column":1}},"1":{"start":{"line":6,"column":4},"end":{"line":19,"column":5}}},"fnMap":{"0":{"name":"(anonymous_0)","decl":{"start":{"line":5,"column":25},"end":{"line":5,"column":26}},"loc":{"start":{"line":5,"column":31},"end":{"line":20,"column":1}},"line":5}},"branchMap":{},"s":{"0":2,"1":3},"f":{"0":3},"b":{},"_coverageSchema":"1a1c01bbd47fc00a2c39e90264f33305004495a9","hash":"fba640074acc9db00c0aae7754db978754b5ef27"}
,"D:\\ahana\\project\\interview_project\\wire\\src\\features\\CustomBaseQuery.ts": {"path":"D:\\ahana\\project\\interview_project\\wire\\src\\features\\CustomBaseQuery.ts","statementMap":{"0":{"start":{"line":4,"column":31},"end":{"line":15,"column":1}},"1":{"start":{"line":5,"column":2},"end":{"line":14,"column":3}},"2":{"start":{"line":6,"column":4},"end":{"line":6,"column":99}},"3":{"start":{"line":8,"column":4},"end":{"line":13,"column":6}}},"fnMap":{"0":{"name":"(anonymous_0)","decl":{"start":{"line":4,"column":31},"end":{"line":4,"column":32}},"loc":{"start":{"line":4,"column":104},"end":{"line":15,"column":1}},"line":4}},"branchMap":{"0":{"loc":{"start":{"line":10,"column":16},"end":{"line":10,"column":45}},"type":"binary-expr","locations":[{"start":{"line":10,"column":16},"end":{"line":10,"column":28}},{"start":{"line":10,"column":32},"end":{"line":10,"column":45}}],"line":10},"1":{"loc":{"start":{"line":11,"column":14},"end":{"line":11,"column":50}},"type":"binary-expr","locations":[{"start":{"line":11,"column":14},"end":{"line":11,"column":24}},{"start":{"line":11,"column":28},"end":{"line":11,"column":50}}],"line":11}},"s":{"0":7,"1":2,"2":2,"3":0},"f":{"0":2},"b":{"0":[0,0],"1":[0,0]},"_coverageSchema":"1a1c01bbd47fc00a2c39e90264f33305004495a9","hash":"9f45c848bd1211a4320fad4728c51b1cf4b25db3"}
,"D:\\ahana\\project\\interview_project\\wire\\src\\features\\ModuleSlice.tsx": {"path":"D:\\ahana\\project\\interview_project\\wire\\src\\features\\ModuleSlice.tsx","statementMap":{"0":{"start":{"line":5,"column":15},"end":{"line":5,"column":44}},"1":{"start":{"line":7,"column":21},"end":{"line":15,"column":2}},"2":{"start":{"line":10,"column":29},"end":{"line":14,"column":3}},"3":{"start":{"line":12,"column":31},"end":{"line":12,"column":67}},"4":{"start":{"line":17,"column":43},"end":{"line":17,"column":55}}},"fnMap":{"0":{"name":"(anonymous_0)","decl":{"start":{"line":10,"column":15},"end":{"line":10,"column":16}},"loc":{"start":{"line":10,"column":29},"end":{"line":14,"column":3}},"line":10},"1":{"name":"(anonymous_1)","decl":{"start":{"line":12,"column":13},"end":{"line":12,"column":14}},"loc":{"start":{"line":12,"column":31},"end":{"line":12,"column":67}},"line":12}},"branchMap":{},"s":{"0":7,"1":7,"2":7,"3":2,"4":7},"f":{"0":7,"1":2},"b":{},"_coverageSchema":"1a1c01bbd47fc00a2c39e90264f33305004495a9","hash":"aaa21b0744c2ebcf212912ab4d928d441a0e2416"}
,"D:\\ahana\\project\\interview_project\\wire\\src\\models\\types.ts": {"path":"D:\\ahana\\project\\interview_project\\wire\\src\\models\\types.ts","statementMap":{},"fnMap":{},"branchMap":{},"s":{},"f":{},"b":{}}
}
