TN:
SF:src\App.tsx
FN:10,App
FNF:1
FNH:1
FNDA:1,App
DA:11,1
LF:1
LH:1
BRF:0
BRH:0
end_of_record
TN:
SF:src\index.tsx
FNF:0
FNH:0
DA:9,0
DA:12,0
DA:23,0
LF:3
LH:0
BRF:0
BRH:0
end_of_record
TN:
SF:src\reportWebVitals.ts
FN:3,(anonymous_0)
FN:5,(anonymous_1)
FNF:2
FNH:0
FNDA:0,(anonymous_0)
FNDA:0,(anonymous_1)
DA:3,0
DA:4,0
DA:5,0
DA:6,0
DA:7,0
DA:8,0
DA:9,0
DA:10,0
LF:8
LH:0
BRDA:4,0,0,0
BRDA:4,0,1,0
BRDA:4,1,0,0
BRDA:4,1,1,0
BRF:4
BRH:0
end_of_record
TN:
SF:src\app\store.ts
FN:8,(anonymous_0)
FNF:1
FNH:1
FNDA:7,(anonymous_0)
DA:4,7
DA:9,7
LF:2
LH:2
BRF:0
BRH:0
end_of_record
TN:
SF:src\components\About\About.tsx
FN:4,(anonymous_0)
FNF:1
FNH:1
FNDA:1,(anonymous_0)
DA:4,2
DA:5,1
LF:2
LH:2
BRF:0
BRH:0
end_of_record
TN:
SF:src\components\ContentArea\Content.tsx
FN:10,(anonymous_0)
FN:25,(anonymous_1)
FN:35,(anonymous_2)
FN:38,(anonymous_3)
FN:43,(anonymous_4)
FN:50,(anonymous_5)
FN:53,(anonymous_6)
FN:60,(anonymous_7)
FN:62,(anonymous_8)
FN:67,(anonymous_9)
FN:68,(anonymous_10)
FN:84,(anonymous_11)
FN:86,(anonymous_12)
FN:91,(anonymous_13)
FNF:14
FNH:13
FNDA:16,(anonymous_0)
FNDA:5,(anonymous_1)
FNDA:16,(anonymous_2)
FNDA:0,(anonymous_3)
FNDA:16,(anonymous_4)
FNDA:7,(anonymous_5)
FNDA:1,(anonymous_6)
FNDA:7,(anonymous_7)
FNDA:7,(anonymous_8)
FNDA:2,(anonymous_9)
FNDA:2,(anonymous_10)
FNDA:1,(anonymous_11)
FNDA:1,(anonymous_12)
FNDA:2,(anonymous_13)
DA:10,3
DA:12,16
DA:13,16
DA:14,16
DA:15,16
DA:16,16
DA:17,16
DA:18,16
DA:20,16
DA:21,16
DA:22,16
DA:25,16
DA:26,5
DA:27,2
DA:32,16
DA:35,16
DA:36,16
DA:37,0
DA:38,0
DA:39,0
DA:43,16
DA:44,16
DA:47,16
DA:50,16
DA:51,7
DA:53,7
DA:54,1
DA:55,1
DA:56,0
DA:60,16
DA:61,7
DA:62,7
DA:67,16
DA:68,2
DA:74,16
DA:84,1
DA:86,1
DA:92,2
LF:38
LH:34
BRDA:26,0,0,2
BRDA:26,0,1,3
BRDA:26,1,0,5
BRDA:26,1,1,2
BRDA:36,2,0,0
BRDA:36,2,1,16
BRDA:36,3,0,16
BRDA:36,3,1,0
BRDA:38,4,0,0
BRDA:38,4,1,0
BRDA:47,5,0,16
BRDA:47,5,1,0
BRDA:51,6,0,0
BRDA:51,6,1,7
BRDA:54,7,0,0
BRDA:54,7,1,1
BRDA:54,8,0,0
BRDA:54,8,1,0
BRDA:55,9,0,1
BRDA:55,9,1,0
BRDA:55,10,0,1
BRDA:55,10,1,0
BRDA:61,11,0,7
BRDA:61,11,1,0
BRDA:70,12,0,1
BRDA:70,12,1,1
BRDA:70,13,0,2
BRDA:70,13,1,1
BRDA:76,14,0,16
BRDA:76,14,1,6
BRDA:77,15,0,16
BRDA:77,15,1,0
BRDA:79,16,0,16
BRDA:79,16,1,8
BRDA:82,17,0,16
BRDA:82,17,1,8
BRDA:90,18,0,16
BRDA:90,18,1,8
BRDA:100,19,0,16
BRDA:100,19,1,8
BRF:40
BRH:27
end_of_record
TN:
SF:src\components\ContentArea\extractOwner.ts
FN:2,(anonymous_0)
FNF:1
FNH:1
FNDA:8,(anonymous_0)
DA:2,4
DA:3,8
DA:4,8
DA:5,4
DA:6,4
DA:8,4
LF:6
LH:6
BRF:0
BRH:0
end_of_record
TN:
SF:src\components\Footer\Footer.tsx
FN:4,(anonymous_0)
FNF:1
FNH:1
FNDA:3,(anonymous_0)
DA:4,2
DA:5,3
LF:2
LH:2
BRF:0
BRH:0
end_of_record
TN:
SF:src\components\Header\Header.tsx
FN:5,(anonymous_0)
FNF:1
FNH:1
FNDA:3,(anonymous_0)
DA:5,2
DA:6,3
LF:2
LH:2
BRF:0
BRH:0
end_of_record
TN:
SF:src\components\Paginate\Paginate.tsx
FN:6,(anonymous_0)
FN:11,(anonymous_1)
FN:16,(anonymous_2)
FN:21,(anonymous_3)
FN:25,(anonymous_4)
FN:26,(anonymous_5)
FN:42,(anonymous_6)
FN:45,(anonymous_7)
FNF:8
FNH:8
FNDA:27,(anonymous_0)
FNDA:1,(anonymous_1)
FNDA:1,(anonymous_2)
FNDA:6,(anonymous_3)
FNDA:12,(anonymous_4)
FNDA:12,(anonymous_5)
FNDA:55,(anonymous_6)
FNDA:6,(anonymous_7)
DA:6,4
DA:8,27
DA:11,27
DA:12,1
DA:16,27
DA:17,1
DA:21,27
DA:22,6
DA:25,27
DA:26,12
DA:27,12
DA:28,12
DA:29,55
DA:31,12
DA:34,12
DA:37,27
DA:43,55
DA:45,6
LF:18
LH:18
BRDA:12,0,0,0
BRDA:12,0,1,1
BRDA:17,1,0,0
BRDA:17,1,1,1
BRDA:47,2,0,9
BRDA:47,2,1,46
BRF:6
BRH:4
end_of_record
TN:
SF:src\components\Search\Search.tsx
FN:5,(anonymous_0)
FN:7,(anonymous_1)
FNF:2
FNH:2
FNDA:10,(anonymous_0)
FNDA:1,(anonymous_1)
DA:5,4
DA:7,10
DA:8,1
DA:10,10
LF:4
LH:4
BRF:0
BRH:0
end_of_record
TN:
SF:src\components\Sidebar\Sidebar.tsx
FN:5,(anonymous_0)
FNF:1
FNH:1
FNDA:3,(anonymous_0)
DA:5,2
DA:6,3
LF:2
LH:2
BRF:0
BRH:0
end_of_record
TN:
SF:src\features\CustomBaseQuery.ts
FN:4,(anonymous_0)
FNF:1
FNH:1
FNDA:2,(anonymous_0)
DA:4,7
DA:5,2
DA:6,2
DA:8,0
LF:4
LH:3
BRDA:10,0,0,0
BRDA:10,0,1,0
BRDA:11,1,0,0
BRDA:11,1,1,0
BRF:4
BRH:0
end_of_record
TN:
SF:src\features\ModuleSlice.tsx
FN:10,(anonymous_0)
FN:12,(anonymous_1)
FNF:2
FNH:2
FNDA:7,(anonymous_0)
FNDA:2,(anonymous_1)
DA:5,7
DA:7,7
DA:10,7
DA:12,2
DA:17,7
LF:5
LH:5
BRF:0
BRH:0
end_of_record
TN:
SF:src\models\types.ts
FNF:0
FNH:0
LF:0
LH:0
BRF:0
BRH:0
end_of_record
